rm -rf components/picoruby-esp32/picoruby/mrbgems/picoruby-fmrb-const
cp -rf lib/add/picoruby-fmrb-const components/picoruby-esp32/picoruby/mrbgems/
rm -rf components/picoruby-esp32/picoruby/mrbgems/picoruby-fmrb-log
cp -rf lib/add/picoruby-fmrb-log components/picoruby-esp32/picoruby/mrbgems/
rm -rf components/picoruby-esp32/picoruby/mrbgems/picoruby-fmrb-msgpack
cp -rf lib/add/picoruby-fmrb-msgpack components/picoruby-esp32/picoruby/mrbgems/
rm -rf components/picoruby-esp32/picoruby/mrbgems/picoruby-fmrb-kernel
cp -rf lib/add/picoruby-fmrb-kernel components/picoruby-esp32/picoruby/mrbgems/
rm -rf components/picoruby-esp32/picoruby/mrbgems/picoruby-fmrb-app
cp -rf lib/add/picoruby-fmrb-app components/picoruby-esp32/picoruby/mrbgems/
rm -rf components/picoruby-esp32/picoruby/mrbgems/picoruby-fmrb-filesystem
cp -rf lib/add/picoruby-fmrb-filesystem components/picoruby-esp32/picoruby/mrbgems/
rm -rf components/picoruby-esp32/picoruby/mrbgems/picoruby-fmrb-io
cp -rf lib/add/picoruby-fmrb-io components/picoruby-esp32/picoruby/mrbgems/
cp -f lib/add/family_mruby.gembox components/picoruby-esp32/picoruby/mrbgems/
cp -f lib/add/family_mruby_linux.rb components/picoruby-esp32/picoruby/build_config/
cp -f lib/add/family_mruby_esp32.rb components/picoruby-esp32/picoruby/build_config/
rm -rf components/picoruby-esp32/picoruby/mrbgems/picoruby-machine
cp -rf lib/replace/picoruby-machine components/picoruby-esp32/picoruby/mrbgems/
cp -rf lib/patch/picoruby-mruby components/picoruby-esp32/picoruby/mrbgems/
cp -f lib/replace/picoruby-machine/include/hal.h components/picoruby-esp32/picoruby/mrbgems/picoruby-mruby/include/
cp -f lib/patch/picoruby-mruby/mrbgems/mruby-io/mrblib/file_constants.rb components/picoruby-esp32/picoruby/mrbgems/picoruby-mruby/lib/mruby/mrbgems/mruby-io/mrblib/
cp -f lib/patch/esp_littlefs/CMakeLists.txt components/esp_littlefs/
cp -f lib/patch/picoruby-env/ports/posix/env.c components/picoruby-esp32/picoruby/mrbgems/picoruby-env/ports/posix/
cp -f lib/patch/compiler/prism_xallocator.h components/picoruby-esp32/picoruby/mrbgems/mruby-compiler2/include/
cp -f lib/patch/compiler/prism_alloc.c components/picoruby-esp32/picoruby/mrbgems/mruby-compiler2/lib/
cp -f lib/patch/compiler/mruby-compiler2-mrbgem.rake components/picoruby-esp32/picoruby/mrbgems/mruby-compiler2/mrbgem.rake
cp -f lib/patch/picoruby-require/mrbgem.rake components/picoruby-esp32/picoruby/mrbgems/picoruby-require/
cp -f lib/patch/picoruby-yaml/mrbgem.rake components/picoruby-esp32/picoruby/mrbgems/picoruby-yaml/
cp -f lib/patch/picoruby-sandbox/mrbgem.rake components/picoruby-esp32/picoruby/mrbgems/picoruby-sandbox/
mkdir -p components/picoruby-esp32/picoruby/mrbgems/mruby-compiler2/lib/tlsf
cp -f components/mem_allocator/tlsf/tlsf.c components/picoruby-esp32/picoruby/mrbgems/mruby-compiler2/lib/tlsf/
cp -f components/mem_allocator/tlsf/tlsf.h components/picoruby-esp32/picoruby/mrbgems/mruby-compiler2/lib/tlsf/
cp -f lib/patch/compiler/prism_tlsf_wrapper.c components/picoruby-esp32/picoruby/mrbgems/mruby-compiler2/lib/
cp -f lib/patch/compiler/mruby-compiler2-compile.c components/picoruby-esp32/picoruby/mrbgems/mruby-compiler2/src/compile.c
docker run --rm --user 1002:1003 -e HOME=/tmp -v /home/k-ubuntu/kishima/fmrb/fmruby-core:/project esp32_build_container:v5.5.1 bash -c 'export IDF_TARGET=linux && idf.py --preview -DCMAKE_BUILD_TYPE=Debug build'
Checking "python3" ...
Python 3.12.3
"python3" has been detected
Activating ESP-IDF 5.5
Setting IDF_PATH to '/opt/esp/idf'.
* Checking python version ... 3.12.3
* Checking python dependencies ... OK
* Deactivating the current ESP-IDF environment (if any) ... OK
* Establishing a new ESP-IDF environment ... OK
* Identifying shell ... bash
* Detecting outdated tools in system ... OK - no outdated tools found
* Shell completion ... Autocompletion code generated

Done! You can now compile ESP-IDF projects.
Go to the project directory and run:

  idf.py build
Executing action: all (aliases: build)
Running ninja in directory /project/build
Executing "ninja all"...
[0/1] Re-running CMake...
-- Minimal build - OFF
-- ccache will be used for faster recompilation
-- Building ESP-IDF components for target linux
NOTICE: Processing 1 dependencies:
NOTICE: [1/1] idf (5.5.1)
-- Skipping esp_littlefs component for Linux target
-- Project sdkconfig file /project/sdkconfig
Loading defaults file /project/sdkconfig.defaults...
/project/sdkconfig.defaults:4 CONFIG_OPTIMIZATION_LEVEL_RELEASE was replaced with CONFIG_COMPILER_OPTIMIZATION_SIZE 
warning: unknown kconfig symbol 'ESP_DEFAULT_CPU_FREQ_MHZ_240' assigned to 'y' in /project/sdkconfig.defaults
warning: unknown kconfig symbol 'ESP_DEFAULT_CPU_FREQ_MHZ' assigned to '240' in /project/sdkconfig.defaults
warning: unknown kconfig symbol 'ESP_WIFI_ENABLED' assigned to 'n' in /project/sdkconfig.defaults
warning: unknown kconfig symbol 'BT_ENABLED' assigned to 'n' in /project/sdkconfig.defaults
warning: unknown kconfig symbol 'SPIRAM' assigned to 'y' in /project/sdkconfig.defaults
warning: unknown kconfig symbol 'SPIRAM_USE_CAPS_ALLOC' assigned to 'y' in /project/sdkconfig.defaults
warning: unknown kconfig symbol 'SPIRAM_USE_MALLOC' assigned to 'n' in /project/sdkconfig.defaults
warning: unknown kconfig symbol 'SPIRAM_TRY_ALLOCATE_WIFI_LWIP' assigned to 'y' in /project/sdkconfig.defaults
warning: unknown kconfig symbol 'SPIRAM_SPEED_80M' assigned to 'y' in /project/sdkconfig.defaults
warning: unknown kconfig symbol 'SPIRAM_ALLOW_BSS_SEG_EXTERNAL_MEMORY' assigned to 'y' in /project/sdkconfig.defaults
warning: unknown kconfig symbol 'ESPTOOLPY_FLASHMODE' assigned to '"qio"' in /project/sdkconfig.defaults
warning: unknown kconfig symbol 'ESPTOOLPY_FLASHMODE_QIO' assigned to 'y' in /project/sdkconfig.defaults
warning: unknown kconfig symbol 'ESPTOOLPY_FLASHFREQ' assigned to '"80m"' in /project/sdkconfig.defaults
warning: unknown kconfig symbol 'ESPTOOLPY_FLASHFREQ_80M' assigned to 'y' in /project/sdkconfig.defaults
warning: unknown kconfig symbol 'ESPTOOLPY_FLASHSIZE' assigned to '"8MB"' in /project/sdkconfig.defaults
warning: unknown kconfig symbol 'ESPTOOLPY_FLASHSIZE_8MB' assigned to 'y' in /project/sdkconfig.defaults
warning: unknown kconfig symbol 'PM_ENABLE' assigned to 'n' in /project/sdkconfig.defaults
warning: unknown kconfig symbol 'SPI_MASTER_ISR_IN_IRAM' assigned to 'y' in /project/sdkconfig.defaults
warning: unknown kconfig symbol 'SPI_SLAVE_ISR_IN_IRAM' assigned to 'y' in /project/sdkconfig.defaults
-- Efuse virtual mode is enabled. If Secure boot or Flash encryption is on it does not provide any security. FOR TESTING ONLY!
-- USING O3
-- App "fmruby-core" version: import_picoruby-290-g7db4c7d-di
-- Skipping esp_littlefs component for Linux target
-- Components: cmock console efuse esp-tls esp_app_format esp_common esp_driver_ana_cmpr esp_driver_cam esp_driver_gpio esp_driver_i2c esp_driver_isp esp_driver_jpeg esp_driver_ledc esp_driver_mcpwm esp_driver_parlio esp_driver_pcnt esp_driver_ppa esp_driver_rmt esp_driver_sdio esp_driver_sdm esp_driver_sdmmc esp_driver_sdspi esp_driver_tsens esp_driver_uart esp_driver_usb_serial_jtag esp_event esp_http_client esp_http_server esp_https_server esp_hw_support esp_littlefs esp_netif esp_netif_stack esp_partition esp_ringbuf esp_rom esp_system esp_timer fatfs fmrb_audio fmrb_cobs fmrb_common fmrb_gfx fmrb_hal fmrb_link fmrb_log fmrb_mem fmrb_msg fmrb_toml freertos hal heap http_parser json linux log lua lwip main mbedtls mem_allocator mqtt msgpack-esp32 nvs_flash partition_table picoruby-esp32 protobuf-c pthread rt soc spi_flash spiffs tar_lib tcp_transport toml_parser unity vfs wear_levelling
-- Component paths: /opt/esp/idf/components/cmock /opt/esp/idf/components/console /opt/esp/idf/components/efuse /opt/esp/idf/components/esp-tls /opt/esp/idf/components/esp_app_format /opt/esp/idf/components/esp_common /opt/esp/idf/components/esp_driver_ana_cmpr /opt/esp/idf/components/esp_driver_cam /opt/esp/idf/components/esp_driver_gpio /opt/esp/idf/components/esp_driver_i2c /opt/esp/idf/components/esp_driver_isp /opt/esp/idf/components/esp_driver_jpeg /opt/esp/idf/components/esp_driver_ledc /opt/esp/idf/components/esp_driver_mcpwm /opt/esp/idf/components/esp_driver_parlio /opt/esp/idf/components/esp_driver_pcnt /opt/esp/idf/components/esp_driver_ppa /opt/esp/idf/components/esp_driver_rmt /opt/esp/idf/components/esp_driver_sdio /opt/esp/idf/components/esp_driver_sdm /opt/esp/idf/components/esp_driver_sdmmc /opt/esp/idf/components/esp_driver_sdspi /opt/esp/idf/components/esp_driver_tsens /opt/esp/idf/components/esp_driver_uart /opt/esp/idf/components/esp_driver_usb_serial_jtag /opt/esp/idf/components/esp_event /opt/esp/idf/components/esp_http_client /opt/esp/idf/components/esp_http_server /opt/esp/idf/components/esp_https_server /opt/esp/idf/components/esp_hw_support /project/components/esp_littlefs /opt/esp/idf/components/esp_netif /opt/esp/idf/components/esp_netif_stack /opt/esp/idf/components/esp_partition /opt/esp/idf/components/esp_ringbuf /opt/esp/idf/components/esp_rom /opt/esp/idf/components/esp_system /opt/esp/idf/components/esp_timer /opt/esp/idf/components/fatfs /project/components/fmrb_audio /project/components/fmrb_cobs /project/components/fmrb_common /project/components/fmrb_gfx /project/components/fmrb_hal /project/components/fmrb_link /project/components/fmrb_log /project/components/fmrb_mem /project/components/fmrb_msg /project/components/fmrb_toml /opt/esp/idf/components/freertos /opt/esp/idf/components/hal /opt/esp/idf/components/heap /opt/esp/idf/components/http_parser /opt/esp/idf/components/json /opt/esp/idf/components/linux /opt/esp/idf/components/log /project/components/lua /opt/esp/idf/components/lwip /project/main /opt/esp/idf/components/mbedtls /project/components/mem_allocator /opt/esp/idf/components/mqtt /project/components/msgpack-esp32 /opt/esp/idf/components/nvs_flash /opt/esp/idf/components/partition_table /project/components/picoruby-esp32 /opt/esp/idf/components/protobuf-c /opt/esp/idf/components/pthread /opt/esp/idf/components/rt /opt/esp/idf/components/soc /opt/esp/idf/components/spi_flash /opt/esp/idf/components/spiffs /project/components/tar_lib /opt/esp/idf/components/tcp_transport /project/components/toml_parser /opt/esp/idf/components/unity /opt/esp/idf/components/vfs /opt/esp/idf/components/wear_levelling
-- Configuring done (13.9s)
-- Generating done (0.3s)
-- Build files have been written to: /project/build
[1/33] cd /project/build/esp-idf/partition_table && /opt/esp/tools/cmake/3.30.2/bin/cmake -E echo "Partition table binary generated. Contents:" && /opt/esp/tools/cmake/3.30.2/bin/cmake -E echo "*******************************************************************************" && /opt/esp/python_env/idf5.5_py3.12_env/bin/python /opt/esp/idf/components/partition_table/gen_esp32part.py -q --offset 0x8000 --primary-bootloader-offset 0 --disable-md5sum -- /project/build/partition_table/partition-table.bin && /opt/esp/tools/cmake/3.30.2/bin/cmake -E echo "*******************************************************************************"
Partition table binary generated. Contents:
*******************************************************************************
# ESP-IDF Partition Table
# Name, Type, SubType, Offset, Size, Flags
nvs,data,nvs,0x9000,24K,
phy_init,data,phy,0xf000,4K,
factory,app,factory,0x10000,2M,
storage,data,littlefs,0x210000,5M,
*******************************************************************************
[2/33] Building C object esp-idf/esp_app_format/CMakeFiles/__idf_esp_app_format.dir/esp_app_desc.c.o
[3/33] Linking C static library esp-idf/esp_app_format/libesp_app_format.a
[4/33] PicoRuby build (family_mruby_linux)
MRUBY_CONFIG=family_mruby_linux rake
[mrbgem.rake] picoruby-machine: mruby-bin-mrbc2 FOUND - defining PICORUBY_HOST_BUILD
[mrbgem.rake]   build.name=host
[mrbgem.rake]   gems=mruby-compiler2,picoruby-mruby,picoruby-fmrb-io,picoruby-fmrb-filesystem,picoruby-machine,picoruby-require,picoruby-sandbox,picoruby-env,picoruby-crc,picoruby-rng,picoruby-eval,picoruby-yaml,mruby-kernel-ext,mruby-string-ext,mruby-array-ext,mruby-time,mruby-objectspace,mruby-metaprog,mruby-error,mruby-sprintf,mruby-math,picoruby-fmrb-const,picoruby-fmrb-log,picoruby-fmrb-msgpack,picoruby-fmrb-kernel,picoruby-fmrb-app,mruby-dir,mruby-bin-mrbc2
CPP   src/version.c -> build/host/src/version.pi
CC    mrbgems/mruby-bin-mrbc2/tools/mrbc/mrbc.c -> build/host/mrbgems/mruby-bin-mrbc2/tools/mrbc/mrbc.o
CC    mrbgems/mruby-compiler2/src/ccontext.c -> build/host/mrbgems/mruby-compiler2/src/ccontext.o
CC    mrbgems/mruby-compiler2/src/cdump.c -> build/host/mrbgems/mruby-compiler2/src/cdump.o
CC    mrbgems/mruby-compiler2/src/codedump.c -> build/host/mrbgems/mruby-compiler2/src/codedump.o
CC    mrbgems/mruby-compiler2/src/codegen.c -> build/host/mrbgems/mruby-compiler2/src/codegen.o
CC    mrbgems/mruby-compiler2/src/compile.c -> build/host/mrbgems/mruby-compiler2/src/compile.o
CC    mrbgems/mruby-compiler2/src/debug.c -> build/host/mrbgems/mruby-compiler2/src/debug.o
CC    mrbgems/mruby-compiler2/src/diagnostic.c -> build/host/mrbgems/mruby-compiler2/src/diagnostic.o
CC    mrbgems/mruby-compiler2/src/dump.c -> build/host/mrbgems/mruby-compiler2/src/dump.o
CC    mrbgems/mruby-compiler2/src/irep.c -> build/host/mrbgems/mruby-compiler2/src/irep.o
CC    mrbgems/mruby-compiler2/src/mrc_presym.c -> build/host/mrbgems/mruby-compiler2/src/mrc_presym.o
CC    mrbgems/mruby-compiler2/src/parser_util.c -> build/host/mrbgems/mruby-compiler2/src/parser_util.o
CC    mrbgems/mruby-compiler2/src/pool.c -> build/host/mrbgems/mruby-compiler2/src/pool.o
CC    mrbgems/mruby-compiler2/lib/prism/src/diagnostic.c -> build/host/mrbgems/mruby-compiler2/lib/diagnostic.o
CC    mrbgems/mruby-compiler2/lib/prism/src/encoding.c -> build/host/mrbgems/mruby-compiler2/lib/encoding.o
CC    mrbgems/mruby-compiler2/lib/prism/src/node.c -> build/host/mrbgems/mruby-compiler2/lib/node.o
CC    mrbgems/mruby-compiler2/lib/prism/src/options.c -> build/host/mrbgems/mruby-compiler2/lib/options.o
CC    mrbgems/mruby-compiler2/lib/prism/src/pack.c -> build/host/mrbgems/mruby-compiler2/lib/pack.o
CC    mrbgems/mruby-compiler2/lib/prism/src/prettyprint.c -> build/host/mrbgems/mruby-compiler2/lib/prettyprint.o
CC    mrbgems/mruby-compiler2/lib/prism/src/prism.c -> build/host/mrbgems/mruby-compiler2/lib/prism.o
CC    mrbgems/mruby-compiler2/lib/prism/src/regexp.c -> build/host/mrbgems/mruby-compiler2/lib/regexp.o
CC    mrbgems/mruby-compiler2/lib/prism/src/serialize.c -> build/host/mrbgems/mruby-compiler2/lib/serialize.o
CC    mrbgems/mruby-compiler2/lib/prism/src/static_literals.c -> build/host/mrbgems/mruby-compiler2/lib/static_literals.o
CC    mrbgems/mruby-compiler2/lib/prism/src/token_type.c -> build/host/mrbgems/mruby-compiler2/lib/token_type.o
CC    mrbgems/mruby-compiler2/lib/prism/src/util/pm_buffer.c -> build/host/mrbgems/mruby-compiler2/lib/pm_buffer.o
CC    mrbgems/mruby-compiler2/lib/prism/src/util/pm_char.c -> build/host/mrbgems/mruby-compiler2/lib/pm_char.o
CC    mrbgems/mruby-compiler2/lib/prism/src/util/pm_constant_pool.c -> build/host/mrbgems/mruby-compiler2/lib/pm_constant_pool.o
CC    mrbgems/mruby-compiler2/lib/prism/src/util/pm_integer.c -> build/host/mrbgems/mruby-compiler2/lib/pm_integer.o
CC    mrbgems/mruby-compiler2/lib/prism/src/util/pm_list.c -> build/host/mrbgems/mruby-compiler2/lib/pm_list.o
CC    mrbgems/mruby-compiler2/lib/prism/src/util/pm_memchr.c -> build/host/mrbgems/mruby-compiler2/lib/pm_memchr.o
CC    mrbgems/mruby-compiler2/lib/prism/src/util/pm_newline_list.c -> build/host/mrbgems/mruby-compiler2/lib/pm_newline_list.o
CC    mrbgems/mruby-compiler2/lib/prism/src/util/pm_string.c -> build/host/mrbgems/mruby-compiler2/lib/pm_string.o
CC    mrbgems/mruby-compiler2/lib/prism/src/util/pm_strncasecmp.c -> build/host/mrbgems/mruby-compiler2/lib/pm_strncasecmp.o
CC    mrbgems/mruby-compiler2/lib/prism/src/util/pm_strpbrk.c -> build/host/mrbgems/mruby-compiler2/lib/pm_strpbrk.o
CC    mrbgems/mruby-compiler2/lib/prism_tlsf_wrapper.c -> build/host/mrbgems/mruby-compiler2/lib/prism_tlsf_wrapper.o
In file included from /project/components/picoruby-esp32/picoruby/mrbgems/mruby-compiler2/lib/prism_tlsf_wrapper.c:28:
/project/components/picoruby-esp32/picoruby/mrbgems/mruby-compiler2/lib/tlsf/tlsf.c:1048:5: warning: "_DEBUG" is not defined, evaluates to 0 [-Wundef]
 1048 | #if _DEBUG
      |     ^~~~~~
/project/components/picoruby-esp32/picoruby/mrbgems/mruby-compiler2/lib/tlsf/tlsf.c: In function ‘prism_tlsf_create’:
/project/components/picoruby-esp32/picoruby/mrbgems/mruby-compiler2/lib/tlsf/tlsf.c:1078:5: warning: "_DEBUG" is not defined, evaluates to 0 [-Wundef]
 1078 | #if _DEBUG
      |     ^~~~~~
CC    mrbgems/mruby-compiler2/lib/prism_alloc.c -> build/host/mrbgems/mruby-compiler2/lib/prism_alloc.o
LD    build/host/bin/picorbc 
GEN   mrblib/*.rb -> build/host/mrblib/mrblib.c
      MRBC mrblib/10error.rb 
           mrblib/array.rb 
           mrblib/compar.rb 
           mrblib/enum.rb 
           mrblib/hash.rb 
           mrblib/kernel.rb 
           mrblib/numeric.rb 
           mrblib/range.rb 
           mrblib/string.rb 
           mrblib/symbol.rb 
[PRISM-HOST] Initializing TLSF with 288 KB pool...
[PRISM] TLSF overhead size: 6536 bytes
[PRISM] TLSF pool overhead: 16 bytes
[PRISM] TLSF alloc overhead: 8 bytes per allocation
[PRISM] TLSF block size min: 24 bytes
[PRISM] TLSF block size max: 4294967296 bytes
[PRISM] TLSF initialized successfully
[PRISM] Actual overhead: 6552 bytes, Usable: 288360 bytes (97.8%)
CPP   build/host/mrblib/mrblib.c -> build/host/mrblib/mrblib.pi
CPP   mrbgems/mruby-bin-mrbc2/tools/mrbc/mrbc.c -> build/host/mrbgems/mruby-bin-mrbc2/tools/mrbc/mrbc.pi
CPP   mrbgems/mruby-compiler2/src/ccontext.c -> build/host/mrbgems/mruby-compiler2/src/ccontext.pi
CPP   mrbgems/mruby-compiler2/src/cdump.c -> build/host/mrbgems/mruby-compiler2/src/cdump.pi
CPP   mrbgems/mruby-compiler2/src/codedump.c -> build/host/mrbgems/mruby-compiler2/src/codedump.pi
CPP   mrbgems/mruby-compiler2/src/codegen.c -> build/host/mrbgems/mruby-compiler2/src/codegen.pi
CPP   mrbgems/mruby-compiler2/src/compile.c -> build/host/mrbgems/mruby-compiler2/src/compile.pi
CPP   mrbgems/mruby-compiler2/src/debug.c -> build/host/mrbgems/mruby-compiler2/src/debug.pi
CPP   mrbgems/mruby-compiler2/src/diagnostic.c -> build/host/mrbgems/mruby-compiler2/src/diagnostic.pi
CPP   mrbgems/mruby-compiler2/src/dump.c -> build/host/mrbgems/mruby-compiler2/src/dump.pi
CPP   mrbgems/mruby-compiler2/src/irep.c -> build/host/mrbgems/mruby-compiler2/src/irep.pi
CPP   mrbgems/mruby-compiler2/src/mrc_presym.c -> build/host/mrbgems/mruby-compiler2/src/mrc_presym.pi
CPP   mrbgems/mruby-compiler2/src/parser_util.c -> build/host/mrbgems/mruby-compiler2/src/parser_util.pi
CPP   mrbgems/mruby-compiler2/src/pool.c -> build/host/mrbgems/mruby-compiler2/src/pool.pi
CPP   mrbgems/mruby-compiler2/lib/prism_tlsf_wrapper.c -> build/host/mrbgems/mruby-compiler2/lib/prism_tlsf_wrapper.pi
In file included from /project/components/picoruby-esp32/picoruby/mrbgems/mruby-compiler2/lib/prism_tlsf_wrapper.c:28:
/project/components/picoruby-esp32/picoruby/mrbgems/mruby-compiler2/lib/tlsf/tlsf.c:1048:5: warning: "_DEBUG" is not defined, evaluates to 0 [-Wundef]
 1048 | #if _DEBUG
      |     ^~~~~~
/project/components/picoruby-esp32/picoruby/mrbgems/mruby-compiler2/lib/tlsf/tlsf.c:1078:5: warning: "_DEBUG" is not defined, evaluates to 0 [-Wundef]
 1078 | #if _DEBUG
      |     ^~~~~~
CPP   mrbgems/mruby-compiler2/lib/prism_alloc.c -> build/host/mrbgems/mruby-compiler2/lib/prism_alloc.pi
GEN   build/host/mrbgems/mruby-compiler2/gem_init.c 
CPP   build/host/mrbgems/mruby-compiler2/gem_init.c -> build/host/mrbgems/mruby-compiler2/gem_init.pi
CPP   mrbgems/picoruby-mruby/lib/mruby/src/allocf.c -> build/host/mrbgems/picoruby-mruby/lib/mruby/src/allocf.pi
CPP   mrbgems/picoruby-mruby/lib/mruby/src/array.c -> build/host/mrbgems/picoruby-mruby/lib/mruby/src/array.pi
CPP   mrbgems/picoruby-mruby/lib/mruby/src/backtrace.c -> build/host/mrbgems/picoruby-mruby/lib/mruby/src/backtrace.pi
CPP   mrbgems/picoruby-mruby/lib/mruby/src/cdump.c -> build/host/mrbgems/picoruby-mruby/lib/mruby/src/cdump.pi
CPP   mrbgems/picoruby-mruby/lib/mruby/src/class.c -> build/host/mrbgems/picoruby-mruby/lib/mruby/src/class.pi
CPP   mrbgems/picoruby-mruby/lib/mruby/src/codedump.c -> build/host/mrbgems/picoruby-mruby/lib/mruby/src/codedump.pi
CPP   mrbgems/picoruby-mruby/lib/mruby/src/debug.c -> build/host/mrbgems/picoruby-mruby/lib/mruby/src/debug.pi
CPP   mrbgems/picoruby-mruby/lib/mruby/src/dump.c -> build/host/mrbgems/picoruby-mruby/lib/mruby/src/dump.pi
CPP   mrbgems/picoruby-mruby/lib/mruby/src/enum.c -> build/host/mrbgems/picoruby-mruby/lib/mruby/src/enum.pi
CPP   mrbgems/picoruby-mruby/lib/mruby/src/error.c -> build/host/mrbgems/picoruby-mruby/lib/mruby/src/error.pi
CPP   mrbgems/picoruby-mruby/lib/mruby/src/etc.c -> build/host/mrbgems/picoruby-mruby/lib/mruby/src/etc.pi
CPP   mrbgems/picoruby-mruby/lib/mruby/src/fmt_fp.c -> build/host/mrbgems/picoruby-mruby/lib/mruby/src/fmt_fp.pi
CPP   mrbgems/picoruby-mruby/lib/mruby/src/gc.c -> build/host/mrbgems/picoruby-mruby/lib/mruby/src/gc.pi
CPP   mrbgems/picoruby-mruby/lib/mruby/src/hash.c -> build/host/mrbgems/picoruby-mruby/lib/mruby/src/hash.pi
CPP   mrbgems/picoruby-mruby/lib/mruby/src/init.c -> build/host/mrbgems/picoruby-mruby/lib/mruby/src/init.pi
CPP   mrbgems/picoruby-mruby/lib/mruby/src/kernel.c -> build/host/mrbgems/picoruby-mruby/lib/mruby/src/kernel.pi
CPP   mrbgems/picoruby-mruby/lib/mruby/src/load.c -> build/host/mrbgems/picoruby-mruby/lib/mruby/src/load.pi
CPP   mrbgems/picoruby-mruby/lib/mruby/src/mempool.c -> build/host/mrbgems/picoruby-mruby/lib/mruby/src/mempool.pi
CPP   mrbgems/picoruby-mruby/lib/mruby/src/numeric.c -> build/host/mrbgems/picoruby-mruby/lib/mruby/src/numeric.pi
CPP   mrbgems/picoruby-mruby/lib/mruby/src/numops.c -> build/host/mrbgems/picoruby-mruby/lib/mruby/src/numops.pi
CPP   mrbgems/picoruby-mruby/lib/mruby/src/object.c -> build/host/mrbgems/picoruby-mruby/lib/mruby/src/object.pi
CPP   mrbgems/picoruby-mruby/lib/mruby/src/print.c -> build/host/mrbgems/picoruby-mruby/lib/mruby/src/print.pi
CPP   mrbgems/picoruby-mruby/lib/mruby/src/proc.c -> build/host/mrbgems/picoruby-mruby/lib/mruby/src/proc.pi
CPP   mrbgems/picoruby-mruby/lib/mruby/src/range.c -> build/host/mrbgems/picoruby-mruby/lib/mruby/src/range.pi
CPP   mrbgems/picoruby-mruby/lib/mruby/src/readfloat.c -> build/host/mrbgems/picoruby-mruby/lib/mruby/src/readfloat.pi
CPP   mrbgems/picoruby-mruby/lib/mruby/src/readint.c -> build/host/mrbgems/picoruby-mruby/lib/mruby/src/readint.pi
CPP   mrbgems/picoruby-mruby/lib/mruby/src/readnum.c -> build/host/mrbgems/picoruby-mruby/lib/mruby/src/readnum.pi
CPP   mrbgems/picoruby-mruby/lib/mruby/src/state.c -> build/host/mrbgems/picoruby-mruby/lib/mruby/src/state.pi
CPP   mrbgems/picoruby-mruby/lib/mruby/src/string.c -> build/host/mrbgems/picoruby-mruby/lib/mruby/src/string.pi
CPP   mrbgems/picoruby-mruby/lib/mruby/src/symbol.c -> build/host/mrbgems/picoruby-mruby/lib/mruby/src/symbol.pi
CPP   mrbgems/picoruby-mruby/lib/mruby/src/variable.c -> build/host/mrbgems/picoruby-mruby/lib/mruby/src/variable.pi
CPP   mrbgems/picoruby-mruby/lib/mruby/src/version.c -> build/host/mrbgems/picoruby-mruby/lib/mruby/src/version.pi
CPP   mrbgems/picoruby-mruby/lib/mruby/src/vm.c -> build/host/mrbgems/picoruby-mruby/lib/mruby/src/vm.pi
CPP   mrbgems/picoruby-mruby/src/alloc.c -> build/host/mrbgems/picoruby-mruby/src/alloc.pi
CPP   mrbgems/picoruby-mruby/src/custom_ro_data.c -> build/host/mrbgems/picoruby-mruby/src/custom_ro_data.pi
CPP   mrbgems/picoruby-mruby/src/mrc_utils.c -> build/host/mrbgems/picoruby-mruby/src/mrc_utils.pi
CPP   mrbgems/picoruby-mruby/src/task.c -> build/host/mrbgems/picoruby-mruby/src/task.pi
GEN   build/host/mrbgems/picoruby-mruby/gem_init.c 
      MRBC mrbgems/picoruby-mruby/mrblib/require.rb 
           mrbgems/picoruby-mruby/mrblib/task.rb 
[PRISM-HOST] Initializing TLSF with 288 KB pool...
[PRISM] TLSF overhead size: 6536 bytes
[PRISM] TLSF pool overhead: 16 bytes
[PRISM] TLSF alloc overhead: 8 bytes per allocation
[PRISM] TLSF block size min: 24 bytes
[PRISM] TLSF block size max: 4294967296 bytes
[PRISM] TLSF initialized successfully
[PRISM] Actual overhead: 6552 bytes, Usable: 288360 bytes (97.8%)
CPP   build/host/mrbgems/picoruby-mruby/gem_init.c -> build/host/mrbgems/picoruby-mruby/gem_init.pi
CPP   mrbgems/picoruby-fmrb-io/src/picoruby_fmrb_io.c -> build/host/mrbgems/picoruby-fmrb-io/src/picoruby_fmrb_io.pi
GEN   build/host/mrbgems/picoruby-fmrb-io/gem_init.c 
      MRBC mrbgems/picoruby-fmrb-io/mrblib/io.rb 
[PRISM-HOST] Initializing TLSF with 288 KB pool...
[PRISM] TLSF overhead size: 6536 bytes
[PRISM] TLSF pool overhead: 16 bytes
[PRISM] TLSF alloc overhead: 8 bytes per allocation
[PRISM] TLSF block size min: 24 bytes
[PRISM] TLSF block size max: 4294967296 bytes
[PRISM] TLSF initialized successfully
[PRISM] Actual overhead: 6552 bytes, Usable: 288360 bytes (97.8%)
CPP   build/host/mrbgems/picoruby-fmrb-io/gem_init.c -> build/host/mrbgems/picoruby-fmrb-io/gem_init.pi
CPP   mrbgems/picoruby-fmrb-filesystem/src/picoruby_fmrb_filesystem.c -> build/host/mrbgems/picoruby-fmrb-filesystem/src/picoruby_fmrb_filesystem.pi
GEN   build/host/mrbgems/picoruby-fmrb-filesystem/gem_init.c 
      MRBC mrbgems/picoruby-fmrb-filesystem/mrblib/file.rb 
[PRISM-HOST] Initializing TLSF with 288 KB pool...
[PRISM] TLSF overhead size: 6536 bytes
[PRISM] TLSF pool overhead: 16 bytes
[PRISM] TLSF alloc overhead: 8 bytes per allocation
[PRISM] TLSF block size min: 24 bytes
[PRISM] TLSF block size max: 4294967296 bytes
[PRISM] TLSF initialized successfully
[PRISM] Actual overhead: 6552 bytes, Usable: 288360 bytes (97.8%)
CPP   build/host/mrbgems/picoruby-fmrb-filesystem/gem_init.c -> build/host/mrbgems/picoruby-fmrb-filesystem/gem_init.pi
CPP   mrbgems/picoruby-machine/src/machine.c -> build/host/mrbgems/picoruby-machine/src/machine.pi
GEN   build/host/mrbgems/picoruby-machine/gem_init.c 
      MRBC mrbgems/picoruby-machine/mrblib/io.rb 
           mrbgems/picoruby-machine/mrblib/kernel.rb 
           mrbgems/picoruby-machine/mrblib/signal.rb 
[PRISM-HOST] Initializing TLSF with 288 KB pool...
[PRISM] TLSF overhead size: 6536 bytes
[PRISM] TLSF pool overhead: 16 bytes
[PRISM] TLSF alloc overhead: 8 bytes per allocation
[PRISM] TLSF block size min: 24 bytes
[PRISM] TLSF block size max: 4294967296 bytes
[PRISM] TLSF initialized successfully
[PRISM] Actual overhead: 6552 bytes, Usable: 288360 bytes (97.8%)
CPP   build/host/mrbgems/picoruby-machine/gem_init.c -> build/host/mrbgems/picoruby-machine/gem_init.pi
      MRBC mrbgems/picoruby-mruby/mrblib/require.rb 
           mrbgems/picoruby-mruby/mrblib/task.rb 
[PRISM-HOST] Initializing TLSF with 288 KB pool...
[PRISM] TLSF overhead size: 6536 bytes
[PRISM] TLSF pool overhead: 16 bytes
[PRISM] TLSF alloc overhead: 8 bytes per allocation
[PRISM] TLSF block size min: 24 bytes
[PRISM] TLSF block size max: 4294967296 bytes
[PRISM] TLSF initialized successfully
[PRISM] Actual overhead: 6552 bytes, Usable: 288360 bytes (97.8%)
      MRBC mrbgems/picoruby-fmrb-io/mrblib/io.rb 
[PRISM-HOST] Initializing TLSF with 288 KB pool...
[PRISM] TLSF overhead size: 6536 bytes
[PRISM] TLSF pool overhead: 16 bytes
[PRISM] TLSF alloc overhead: 8 bytes per allocation
[PRISM] TLSF block size min: 24 bytes
[PRISM] TLSF block size max: 4294967296 bytes
[PRISM] TLSF initialized successfully
[PRISM] Actual overhead: 6552 bytes, Usable: 288360 bytes (97.8%)
      MRBC mrbgems/picoruby-fmrb-filesystem/mrblib/file.rb 
[PRISM-HOST] Initializing TLSF with 288 KB pool...
[PRISM] TLSF overhead size: 6536 bytes
[PRISM] TLSF pool overhead: 16 bytes
[PRISM] TLSF alloc overhead: 8 bytes per allocation
[PRISM] TLSF block size min: 24 bytes
[PRISM] TLSF block size max: 4294967296 bytes
[PRISM] TLSF initialized successfully
[PRISM] Actual overhead: 6552 bytes, Usable: 288360 bytes (97.8%)
      MRBC mrbgems/picoruby-machine/mrblib/io.rb 
           mrbgems/picoruby-machine/mrblib/kernel.rb 
           mrbgems/picoruby-machine/mrblib/signal.rb 
[PRISM-HOST] Initializing TLSF with 288 KB pool...
[PRISM] TLSF overhead size: 6536 bytes
[PRISM] TLSF pool overhead: 16 bytes
[PRISM] TLSF alloc overhead: 8 bytes per allocation
[PRISM] TLSF block size min: 24 bytes
[PRISM] TLSF block size max: 4294967296 bytes
[PRISM] TLSF initialized successfully
[PRISM] Actual overhead: 6552 bytes, Usable: 288360 bytes (97.8%)
      MRBC mrbgems/picoruby-sandbox/mrblib/sandbox.rb 
[PRISM-HOST] Initializing TLSF with 288 KB pool...
[PRISM] TLSF overhead size: 6536 bytes
[PRISM] TLSF pool overhead: 16 bytes
[PRISM] TLSF alloc overhead: 8 bytes per allocation
[PRISM] TLSF block size min: 24 bytes
[PRISM] TLSF block size max: 4294967296 bytes
[PRISM] TLSF initialized successfully
[PRISM] Actual overhead: 6552 bytes, Usable: 288360 bytes (97.8%)
      MRBC mrbgems/picoruby-require/mrblib/require.rb 
[PRISM-HOST] Initializing TLSF with 288 KB pool...
[PRISM] TLSF overhead size: 6536 bytes
[PRISM] TLSF pool overhead: 16 bytes
[PRISM] TLSF alloc overhead: 8 bytes per allocation
[PRISM] TLSF block size min: 24 bytes
[PRISM] TLSF block size max: 4294967296 bytes
[PRISM] TLSF initialized successfully
[PRISM] Actual overhead: 6552 bytes, Usable: 288360 bytes (97.8%)
      MRBC mrbgems/picoruby-env/mrblib/env.rb 
[PRISM-HOST] Initializing TLSF with 288 KB pool...
[PRISM] TLSF overhead size: 6536 bytes
[PRISM] TLSF pool overhead: 16 bytes
[PRISM] TLSF alloc overhead: 8 bytes per allocation
[PRISM] TLSF block size min: 24 bytes
[PRISM] TLSF block size max: 4294967296 bytes
[PRISM] TLSF initialized successfully
[PRISM] Actual overhead: 6552 bytes, Usable: 288360 bytes (97.8%)
      MRBC mrbgems/picoruby-crc/mrblib/crc.rb 
[PRISM-HOST] Initializing TLSF with 288 KB pool...
[PRISM] TLSF overhead size: 6536 bytes
[PRISM] TLSF pool overhead: 16 bytes
[PRISM] TLSF alloc overhead: 8 bytes per allocation
[PRISM] TLSF block size min: 24 bytes
[PRISM] TLSF block size max: 4294967296 bytes
[PRISM] TLSF initialized successfully
[PRISM] Actual overhead: 6552 bytes, Usable: 288360 bytes (97.8%)
      MRBC mrbgems/picoruby-rng/mrblib/rng.rb 
[PRISM-HOST] Initializing TLSF with 288 KB pool...
[PRISM] TLSF overhead size: 6536 bytes
[PRISM] TLSF pool overhead: 16 bytes
[PRISM] TLSF alloc overhead: 8 bytes per allocation
[PRISM] TLSF block size min: 24 bytes
[PRISM] TLSF block size max: 4294967296 bytes
[PRISM] TLSF initialized successfully
[PRISM] Actual overhead: 6552 bytes, Usable: 288360 bytes (97.8%)
      MRBC mrbgems/picoruby-eval/mrblib/eval.rb 
[PRISM-HOST] Initializing TLSF with 288 KB pool...
[PRISM] TLSF overhead size: 6536 bytes
[PRISM] TLSF pool overhead: 16 bytes
[PRISM] TLSF alloc overhead: 8 bytes per allocation
[PRISM] TLSF block size min: 24 bytes
[PRISM] TLSF block size max: 4294967296 bytes
[PRISM] TLSF initialized successfully
[PRISM] Actual overhead: 6552 bytes, Usable: 288360 bytes (97.8%)
      MRBC mrbgems/picoruby-yaml/mrblib/yaml.rb 
[PRISM-HOST] Initializing TLSF with 288 KB pool...
[PRISM] TLSF overhead size: 6536 bytes
[PRISM] TLSF pool overhead: 16 bytes
[PRISM] TLSF alloc overhead: 8 bytes per allocation
[PRISM] TLSF block size min: 24 bytes
[PRISM] TLSF block size max: 4294967296 bytes
[PRISM] TLSF initialized successfully
[PRISM] Actual overhead: 6552 bytes, Usable: 288360 bytes (97.8%)
      MRBC mrbgems/picoruby-fmrb-const/mrblib/fmrb-const.rb 
[PRISM-HOST] Initializing TLSF with 288 KB pool...
[PRISM] TLSF overhead size: 6536 bytes
[PRISM] TLSF pool overhead: 16 bytes
[PRISM] TLSF alloc overhead: 8 bytes per allocation
[PRISM] TLSF block size min: 24 bytes
[PRISM] TLSF block size max: 4294967296 bytes
[PRISM] TLSF initialized successfully
[PRISM] Actual overhead: 6552 bytes, Usable: 288360 bytes (97.8%)
      MRBC mrbgems/picoruby-fmrb-log/mrblib/fmrb-log.rb 
[PRISM-HOST] Initializing TLSF with 288 KB pool...
[PRISM] TLSF overhead size: 6536 bytes
[PRISM] TLSF pool overhead: 16 bytes
[PRISM] TLSF alloc overhead: 8 bytes per allocation
[PRISM] TLSF block size min: 24 bytes
[PRISM] TLSF block size max: 4294967296 bytes
[PRISM] TLSF initialized successfully
[PRISM] Actual overhead: 6552 bytes, Usable: 288360 bytes (97.8%)
      MRBC mrbgems/picoruby-fmrb-msgpack/mrblib/msgpack.rb 
[PRISM-HOST] Initializing TLSF with 288 KB pool...
[PRISM] TLSF overhead size: 6536 bytes
[PRISM] TLSF pool overhead: 16 bytes
[PRISM] TLSF alloc overhead: 8 bytes per allocation
[PRISM] TLSF block size min: 24 bytes
[PRISM] TLSF block size max: 4294967296 bytes
[PRISM] TLSF initialized successfully
[PRISM] Actual overhead: 6552 bytes, Usable: 288360 bytes (97.8%)
      MRBC mrbgems/picoruby-fmrb-kernel/mrblib/fmrb-kernel.rb 
[PRISM-HOST] Initializing TLSF with 288 KB pool...
[PRISM] TLSF overhead size: 6536 bytes
[PRISM] TLSF pool overhead: 16 bytes
[PRISM] TLSF alloc overhead: 8 bytes per allocation
[PRISM] TLSF block size min: 24 bytes
[PRISM] TLSF block size max: 4294967296 bytes
[PRISM] TLSF initialized successfully
[PRISM] Actual overhead: 6552 bytes, Usable: 288360 bytes (97.8%)
      MRBC mrbgems/picoruby-fmrb-app/mrblib/fmrb-app.rb 
           mrbgems/picoruby-fmrb-app/mrblib/fmrb-gfx.rb 
[PRISM-HOST] Initializing TLSF with 288 KB pool...
[PRISM] TLSF overhead size: 6536 bytes
[PRISM] TLSF pool overhead: 16 bytes
[PRISM] TLSF alloc overhead: 8 bytes per allocation
[PRISM] TLSF block size min: 24 bytes
[PRISM] TLSF block size max: 4294967296 bytes
[PRISM] TLSF initialized successfully
[PRISM] Actual overhead: 6552 bytes, Usable: 288360 bytes (97.8%)
CPP   build/host/mrbgems/picogem_init.c -> build/host/mrbgems/picogem_init.pi
CPP   mrbgems/picoruby-require/src/require.c -> build/host/mrbgems/picoruby-require/src/require.pi
GEN   build/host/mrbgems/picoruby-require/gem_init.c 
      MRBC mrbgems/picoruby-require/mrblib/require.rb 
[PRISM-HOST] Initializing TLSF with 288 KB pool...
[PRISM] TLSF overhead size: 6536 bytes
[PRISM] TLSF pool overhead: 16 bytes
[PRISM] TLSF alloc overhead: 8 bytes per allocation
[PRISM] TLSF block size min: 24 bytes
[PRISM] TLSF block size max: 4294967296 bytes
[PRISM] TLSF initialized successfully
[PRISM] Actual overhead: 6552 bytes, Usable: 288360 bytes (97.8%)
CPP   build/host/mrbgems/picoruby-require/gem_init.c -> build/host/mrbgems/picoruby-require/gem_init.pi
CPP   mrbgems/picoruby-sandbox/src/sandbox.c -> build/host/mrbgems/picoruby-sandbox/src/sandbox.pi
GEN   build/host/mrbgems/picoruby-sandbox/gem_init.c 
      MRBC mrbgems/picoruby-sandbox/mrblib/sandbox.rb 
[PRISM-HOST] Initializing TLSF with 288 KB pool...
[PRISM] TLSF overhead size: 6536 bytes
[PRISM] TLSF pool overhead: 16 bytes
[PRISM] TLSF alloc overhead: 8 bytes per allocation
[PRISM] TLSF block size min: 24 bytes
[PRISM] TLSF block size max: 4294967296 bytes
[PRISM] TLSF initialized successfully
[PRISM] Actual overhead: 6552 bytes, Usable: 288360 bytes (97.8%)
CPP   build/host/mrbgems/picoruby-sandbox/gem_init.c -> build/host/mrbgems/picoruby-sandbox/gem_init.pi
CPP   mrbgems/picoruby-env/ports/posix/env.c -> build/host/mrbgems/picoruby-env/ports/posix/env.pi
CPP   mrbgems/picoruby-env/src/env.c -> build/host/mrbgems/picoruby-env/src/env.pi
GEN   build/host/mrbgems/picoruby-env/gem_init.c 
      MRBC mrbgems/picoruby-env/mrblib/env.rb 
[PRISM-HOST] Initializing TLSF with 288 KB pool...
[PRISM] TLSF overhead size: 6536 bytes
[PRISM] TLSF pool overhead: 16 bytes
[PRISM] TLSF alloc overhead: 8 bytes per allocation
[PRISM] TLSF block size min: 24 bytes
[PRISM] TLSF block size max: 4294967296 bytes
[PRISM] TLSF initialized successfully
[PRISM] Actual overhead: 6552 bytes, Usable: 288360 bytes (97.8%)
CPP   build/host/mrbgems/picoruby-env/gem_init.c -> build/host/mrbgems/picoruby-env/gem_init.pi
CPP   mrbgems/picoruby-crc/src/crc.c -> build/host/mrbgems/picoruby-crc/src/crc.pi
GEN   build/host/mrbgems/picoruby-crc/gem_init.c 
      MRBC mrbgems/picoruby-crc/mrblib/crc.rb 
[PRISM-HOST] Initializing TLSF with 288 KB pool...
[PRISM] TLSF overhead size: 6536 bytes
[PRISM] TLSF pool overhead: 16 bytes
[PRISM] TLSF alloc overhead: 8 bytes per allocation
[PRISM] TLSF block size min: 24 bytes
[PRISM] TLSF block size max: 4294967296 bytes
[PRISM] TLSF initialized successfully
[PRISM] Actual overhead: 6552 bytes, Usable: 288360 bytes (97.8%)
CPP   build/host/mrbgems/picoruby-crc/gem_init.c -> build/host/mrbgems/picoruby-crc/gem_init.pi
CPP   mrbgems/picoruby-rng/ports/posix/rng.c -> build/host/mrbgems/picoruby-rng/ports/posix/rng.pi
CPP   mrbgems/picoruby-rng/src/rng.c -> build/host/mrbgems/picoruby-rng/src/rng.pi
GEN   build/host/mrbgems/picoruby-rng/gem_init.c 
      MRBC mrbgems/picoruby-rng/mrblib/rng.rb 
[PRISM-HOST] Initializing TLSF with 288 KB pool...
[PRISM] TLSF overhead size: 6536 bytes
[PRISM] TLSF pool overhead: 16 bytes
[PRISM] TLSF alloc overhead: 8 bytes per allocation
[PRISM] TLSF block size min: 24 bytes
[PRISM] TLSF block size max: 4294967296 bytes
[PRISM] TLSF initialized successfully
[PRISM] Actual overhead: 6552 bytes, Usable: 288360 bytes (97.8%)
CPP   build/host/mrbgems/picoruby-rng/gem_init.c -> build/host/mrbgems/picoruby-rng/gem_init.pi
CPP   mrbgems/picoruby-eval/src/eval.c -> build/host/mrbgems/picoruby-eval/src/eval.pi
GEN   build/host/mrbgems/picoruby-eval/gem_init.c 
      MRBC mrbgems/picoruby-eval/mrblib/eval.rb 
[PRISM-HOST] Initializing TLSF with 288 KB pool...
[PRISM] TLSF overhead size: 6536 bytes
[PRISM] TLSF pool overhead: 16 bytes
[PRISM] TLSF alloc overhead: 8 bytes per allocation
[PRISM] TLSF block size min: 24 bytes
[PRISM] TLSF block size max: 4294967296 bytes
[PRISM] TLSF initialized successfully
[PRISM] Actual overhead: 6552 bytes, Usable: 288360 bytes (97.8%)
CPP   build/host/mrbgems/picoruby-eval/gem_init.c -> build/host/mrbgems/picoruby-eval/gem_init.pi
GEN   build/host/mrbgems/picoruby-yaml/gem_init.c 
      MRBC mrbgems/picoruby-yaml/mrblib/yaml.rb 
[PRISM-HOST] Initializing TLSF with 288 KB pool...
[PRISM] TLSF overhead size: 6536 bytes
[PRISM] TLSF pool overhead: 16 bytes
[PRISM] TLSF alloc overhead: 8 bytes per allocation
[PRISM] TLSF block size min: 24 bytes
[PRISM] TLSF block size max: 4294967296 bytes
[PRISM] TLSF initialized successfully
[PRISM] Actual overhead: 6552 bytes, Usable: 288360 bytes (97.8%)
CPP   build/host/mrbgems/picoruby-yaml/gem_init.c -> build/host/mrbgems/picoruby-yaml/gem_init.pi
CPP   mrbgems/picoruby-mruby/lib/mruby/mrbgems/mruby-kernel-ext/src/kernel.c -> build/host/mrbgems/mruby-kernel-ext/src/kernel.pi
GEN   build/host/mrbgems/mruby-kernel-ext/gem_init.c 
CPP   build/host/mrbgems/mruby-kernel-ext/gem_init.c -> build/host/mrbgems/mruby-kernel-ext/gem_init.pi
CPP   mrbgems/picoruby-mruby/lib/mruby/mrbgems/mruby-string-ext/src/string.c -> build/host/mrbgems/mruby-string-ext/src/string.pi
GEN   build/host/mrbgems/mruby-string-ext/gem_init.c 
      MRBC mrbgems/picoruby-mruby/lib/mruby/mrbgems/mruby-string-ext/mrblib/string.rb 
[PRISM-HOST] Initializing TLSF with 288 KB pool...
[PRISM] TLSF overhead size: 6536 bytes
[PRISM] TLSF pool overhead: 16 bytes
[PRISM] TLSF alloc overhead: 8 bytes per allocation
[PRISM] TLSF block size min: 24 bytes
[PRISM] TLSF block size max: 4294967296 bytes
[PRISM] TLSF initialized successfully
[PRISM] Actual overhead: 6552 bytes, Usable: 288360 bytes (97.8%)
CPP   build/host/mrbgems/mruby-string-ext/gem_init.c -> build/host/mrbgems/mruby-string-ext/gem_init.pi
CPP   mrbgems/picoruby-mruby/lib/mruby/mrbgems/mruby-array-ext/src/array.c -> build/host/mrbgems/mruby-array-ext/src/array.pi
GEN   build/host/mrbgems/mruby-array-ext/gem_init.c 
      MRBC mrbgems/picoruby-mruby/lib/mruby/mrbgems/mruby-array-ext/mrblib/array.rb 
[PRISM-HOST] Initializing TLSF with 288 KB pool...
[PRISM] TLSF overhead size: 6536 bytes
[PRISM] TLSF pool overhead: 16 bytes
[PRISM] TLSF alloc overhead: 8 bytes per allocation
[PRISM] TLSF block size min: 24 bytes
[PRISM] TLSF block size max: 4294967296 bytes
[PRISM] TLSF initialized successfully
[PRISM] Actual overhead: 6552 bytes, Usable: 288360 bytes (97.8%)
CPP   build/host/mrbgems/mruby-array-ext/gem_init.c -> build/host/mrbgems/mruby-array-ext/gem_init.pi
CPP   mrbgems/picoruby-mruby/lib/mruby/mrbgems/mruby-time/src/time.c -> build/host/mrbgems/mruby-time/src/time.pi
GEN   build/host/mrbgems/mruby-time/gem_init.c 
CPP   build/host/mrbgems/mruby-time/gem_init.c -> build/host/mrbgems/mruby-time/gem_init.pi
CPP   mrbgems/picoruby-mruby/lib/mruby/mrbgems/mruby-objectspace/src/mruby_objectspace.c -> build/host/mrbgems/mruby-objectspace/src/mruby_objectspace.pi
GEN   build/host/mrbgems/mruby-objectspace/gem_init.c 
CPP   build/host/mrbgems/mruby-objectspace/gem_init.c -> build/host/mrbgems/mruby-objectspace/gem_init.pi
CPP   mrbgems/picoruby-mruby/lib/mruby/mrbgems/mruby-metaprog/src/metaprog.c -> build/host/mrbgems/mruby-metaprog/src/metaprog.pi
GEN   build/host/mrbgems/mruby-metaprog/gem_init.c 
CPP   build/host/mrbgems/mruby-metaprog/gem_init.c -> build/host/mrbgems/mruby-metaprog/gem_init.pi
CPP   mrbgems/picoruby-mruby/lib/mruby/mrbgems/mruby-error/src/exception.c -> build/host/mrbgems/mruby-error/src/exception.pi
GEN   build/host/mrbgems/mruby-error/gem_init.c 
CPP   build/host/mrbgems/mruby-error/gem_init.c -> build/host/mrbgems/mruby-error/gem_init.pi
CPP   mrbgems/picoruby-mruby/lib/mruby/mrbgems/mruby-sprintf/src/sprintf.c -> build/host/mrbgems/mruby-sprintf/src/sprintf.pi
GEN   build/host/mrbgems/mruby-sprintf/gem_init.c 
      MRBC mrbgems/picoruby-mruby/lib/mruby/mrbgems/mruby-sprintf/mrblib/string.rb 
[PRISM-HOST] Initializing TLSF with 288 KB pool...
[PRISM] TLSF overhead size: 6536 bytes
[PRISM] TLSF pool overhead: 16 bytes
[PRISM] TLSF alloc overhead: 8 bytes per allocation
[PRISM] TLSF block size min: 24 bytes
[PRISM] TLSF block size max: 4294967296 bytes
[PRISM] TLSF initialized successfully
[PRISM] Actual overhead: 6552 bytes, Usable: 288360 bytes (97.8%)
CPP   build/host/mrbgems/mruby-sprintf/gem_init.c -> build/host/mrbgems/mruby-sprintf/gem_init.pi
CPP   mrbgems/picoruby-mruby/lib/mruby/mrbgems/mruby-math/src/math.c -> build/host/mrbgems/mruby-math/src/math.pi
GEN   build/host/mrbgems/mruby-math/gem_init.c 
CPP   build/host/mrbgems/mruby-math/gem_init.c -> build/host/mrbgems/mruby-math/gem_init.pi
CPP   mrbgems/picoruby-fmrb-const/src/picoruby_fmrb_const.c -> build/host/mrbgems/picoruby-fmrb-const/src/picoruby_fmrb_const.pi
GEN   build/host/mrbgems/picoruby-fmrb-const/gem_init.c 
      MRBC mrbgems/picoruby-fmrb-const/mrblib/fmrb-const.rb 
[PRISM-HOST] Initializing TLSF with 288 KB pool...
[PRISM] TLSF overhead size: 6536 bytes
[PRISM] TLSF pool overhead: 16 bytes
[PRISM] TLSF alloc overhead: 8 bytes per allocation
[PRISM] TLSF block size min: 24 bytes
[PRISM] TLSF block size max: 4294967296 bytes
[PRISM] TLSF initialized successfully
[PRISM] Actual overhead: 6552 bytes, Usable: 288360 bytes (97.8%)
CPP   build/host/mrbgems/picoruby-fmrb-const/gem_init.c -> build/host/mrbgems/picoruby-fmrb-const/gem_init.pi
CPP   mrbgems/picoruby-fmrb-log/src/picoruby_fmrb_log.c -> build/host/mrbgems/picoruby-fmrb-log/src/picoruby_fmrb_log.pi
GEN   build/host/mrbgems/picoruby-fmrb-log/gem_init.c 
      MRBC mrbgems/picoruby-fmrb-log/mrblib/fmrb-log.rb 
[PRISM-HOST] Initializing TLSF with 288 KB pool...
[PRISM] TLSF overhead size: 6536 bytes
[PRISM] TLSF pool overhead: 16 bytes
[PRISM] TLSF alloc overhead: 8 bytes per allocation
[PRISM] TLSF block size min: 24 bytes
[PRISM] TLSF block size max: 4294967296 bytes
[PRISM] TLSF initialized successfully
[PRISM] Actual overhead: 6552 bytes, Usable: 288360 bytes (97.8%)
CPP   build/host/mrbgems/picoruby-fmrb-log/gem_init.c -> build/host/mrbgems/picoruby-fmrb-log/gem_init.pi
CPP   mrbgems/picoruby-fmrb-msgpack/src/picoruby_fmrb_msgpack.c -> build/host/mrbgems/picoruby-fmrb-msgpack/src/picoruby_fmrb_msgpack.pi
GEN   build/host/mrbgems/picoruby-fmrb-msgpack/gem_init.c 
      MRBC mrbgems/picoruby-fmrb-msgpack/mrblib/msgpack.rb 
[PRISM-HOST] Initializing TLSF with 288 KB pool...
[PRISM] TLSF overhead size: 6536 bytes
[PRISM] TLSF pool overhead: 16 bytes
[PRISM] TLSF alloc overhead: 8 bytes per allocation
[PRISM] TLSF block size min: 24 bytes
[PRISM] TLSF block size max: 4294967296 bytes
[PRISM] TLSF initialized successfully
[PRISM] Actual overhead: 6552 bytes, Usable: 288360 bytes (97.8%)
CPP   build/host/mrbgems/picoruby-fmrb-msgpack/gem_init.c -> build/host/mrbgems/picoruby-fmrb-msgpack/gem_init.pi
CPP   mrbgems/picoruby-fmrb-kernel/src/picoruby_fmrb_kernel.c -> build/host/mrbgems/picoruby-fmrb-kernel/src/picoruby_fmrb_kernel.pi
GEN   build/host/mrbgems/picoruby-fmrb-kernel/gem_init.c 
      MRBC mrbgems/picoruby-fmrb-kernel/mrblib/fmrb-kernel.rb 
[PRISM-HOST] Initializing TLSF with 288 KB pool...
[PRISM] TLSF overhead size: 6536 bytes
[PRISM] TLSF pool overhead: 16 bytes
[PRISM] TLSF alloc overhead: 8 bytes per allocation
[PRISM] TLSF block size min: 24 bytes
[PRISM] TLSF block size max: 4294967296 bytes
[PRISM] TLSF initialized successfully
[PRISM] Actual overhead: 6552 bytes, Usable: 288360 bytes (97.8%)
CPP   build/host/mrbgems/picoruby-fmrb-kernel/gem_init.c -> build/host/mrbgems/picoruby-fmrb-kernel/gem_init.pi
CPP   mrbgems/picoruby-fmrb-app/src/picoruby_fmrb_app.c -> build/host/mrbgems/picoruby-fmrb-app/src/picoruby_fmrb_app.pi
GEN   build/host/mrbgems/picoruby-fmrb-app/gem_init.c 
      MRBC mrbgems/picoruby-fmrb-app/mrblib/fmrb-app.rb 
           mrbgems/picoruby-fmrb-app/mrblib/fmrb-gfx.rb 
[PRISM-HOST] Initializing TLSF with 288 KB pool...
[PRISM] TLSF overhead size: 6536 bytes
[PRISM] TLSF pool overhead: 16 bytes
[PRISM] TLSF alloc overhead: 8 bytes per allocation
[PRISM] TLSF block size min: 24 bytes
[PRISM] TLSF block size max: 4294967296 bytes
[PRISM] TLSF initialized successfully
[PRISM] Actual overhead: 6552 bytes, Usable: 288360 bytes (97.8%)
CPP   build/host/mrbgems/picoruby-fmrb-app/gem_init.c -> build/host/mrbgems/picoruby-fmrb-app/gem_init.pi
CPP   mrbgems/picoruby-mruby/lib/mruby/mrbgems/mruby-dir/src/dir.c -> build/host/mrbgems/mruby-dir/src/dir.pi
GEN   build/host/mrbgems/mruby-dir/gem_init.c 
      MRBC mrbgems/picoruby-mruby/lib/mruby/mrbgems/mruby-dir/mrblib/dir.rb 
[PRISM-HOST] Initializing TLSF with 288 KB pool...
[PRISM] TLSF overhead size: 6536 bytes
[PRISM] TLSF pool overhead: 16 bytes
[PRISM] TLSF alloc overhead: 8 bytes per allocation
[PRISM] TLSF block size min: 24 bytes
[PRISM] TLSF block size max: 4294967296 bytes
[PRISM] TLSF initialized successfully
[PRISM] Actual overhead: 6552 bytes, Usable: 288360 bytes (97.8%)
CPP   build/host/mrbgems/mruby-dir/gem_init.c -> build/host/mrbgems/mruby-dir/gem_init.pi
CPP   build/host/mrbgems/gem_init.c -> build/host/mrbgems/gem_init.pi
GEN   build/host/presym 
GEN   build/host/include/mruby/presym/id.h 
GEN   build/host/include/mruby/presym/table.h 
CC    src/version.c -> build/host/src/version.o
AR    build/host/lib/libmruby_core.a 
ar: creating /project/components/picoruby-esp32/picoruby/build/host/lib/libmruby_core.a
CC    build/host/mrblib/mrblib.c -> build/host/mrblib/mrblib.o
CC    build/host/mrbgems/mruby-compiler2/gem_init.c -> build/host/mrbgems/mruby-compiler2/gem_init.o
CC    mrbgems/picoruby-mruby/lib/estalloc/estalloc.c -> build/host/mrbgems/picoruby-mruby/allocator/estalloc.o
CC    mrbgems/picoruby-mruby/lib/estalloc/test.c -> build/host/mrbgems/picoruby-mruby/allocator/test.o
CC    mrbgems/picoruby-mruby/lib/mruby/src/allocf.c -> build/host/mrbgems/picoruby-mruby/lib/mruby/src/allocf.o
CC    mrbgems/picoruby-mruby/lib/mruby/src/array.c -> build/host/mrbgems/picoruby-mruby/lib/mruby/src/array.o
CC    mrbgems/picoruby-mruby/lib/mruby/src/backtrace.c -> build/host/mrbgems/picoruby-mruby/lib/mruby/src/backtrace.o
CC    mrbgems/picoruby-mruby/lib/mruby/src/cdump.c -> build/host/mrbgems/picoruby-mruby/lib/mruby/src/cdump.o
CC    mrbgems/picoruby-mruby/lib/mruby/src/class.c -> build/host/mrbgems/picoruby-mruby/lib/mruby/src/class.o
CC    mrbgems/picoruby-mruby/lib/mruby/src/codedump.c -> build/host/mrbgems/picoruby-mruby/lib/mruby/src/codedump.o
CC    mrbgems/picoruby-mruby/lib/mruby/src/debug.c -> build/host/mrbgems/picoruby-mruby/lib/mruby/src/debug.o
CC    mrbgems/picoruby-mruby/lib/mruby/src/dump.c -> build/host/mrbgems/picoruby-mruby/lib/mruby/src/dump.o
CC    mrbgems/picoruby-mruby/lib/mruby/src/enum.c -> build/host/mrbgems/picoruby-mruby/lib/mruby/src/enum.o
CC    mrbgems/picoruby-mruby/lib/mruby/src/error.c -> build/host/mrbgems/picoruby-mruby/lib/mruby/src/error.o
CC    mrbgems/picoruby-mruby/lib/mruby/src/etc.c -> build/host/mrbgems/picoruby-mruby/lib/mruby/src/etc.o
CC    mrbgems/picoruby-mruby/lib/mruby/src/fmt_fp.c -> build/host/mrbgems/picoruby-mruby/lib/mruby/src/fmt_fp.o
CC    mrbgems/picoruby-mruby/lib/mruby/src/gc.c -> build/host/mrbgems/picoruby-mruby/lib/mruby/src/gc.o
CC    mrbgems/picoruby-mruby/lib/mruby/src/hash.c -> build/host/mrbgems/picoruby-mruby/lib/mruby/src/hash.o
/project/components/picoruby-esp32/picoruby/mrbgems/picoruby-mruby/lib/mruby/src/hash.c: In function ‘obj_eql’:
/project/components/picoruby-esp32/picoruby/mrbgems/picoruby-mruby/lib/mruby/src/hash.c:404:12: warning: ‘eql’ may be used uninitialized [-Wmaybe-uninitialized]
  404 |     return eql;
      |            ^~~
/project/components/picoruby-esp32/picoruby/mrbgems/picoruby-mruby/lib/mruby/src/hash.c:382:12: note: ‘eql’ was declared here
  382 |   mrb_bool eql;
      |            ^~~
In function ‘ib_it_pos_for’,
    inlined from ‘ib_it_init’ at /project/components/picoruby-esp32/picoruby/mrbgems/picoruby-mruby/lib/mruby/src/hash.c:678:20:
/project/components/picoruby-esp32/picoruby/mrbgems/picoruby-mruby/lib/mruby/src/hash.c:638:12: warning: ‘hash_code’ may be used uninitialized [-Wmaybe-uninitialized]
  638 |   return v & it->mask;
      |          ~~^~~~~~~~~~
/project/components/picoruby-esp32/picoruby/mrbgems/picoruby-mruby/lib/mruby/src/hash.c: In function ‘ib_it_init’:
/project/components/picoruby-esp32/picoruby/mrbgems/picoruby-mruby/lib/mruby/src/hash.c:371:12: note: ‘hash_code’ was declared here
  371 |   uint32_t hash_code;
      |            ^~~~~~~~~
CC    mrbgems/picoruby-mruby/lib/mruby/src/init.c -> build/host/mrbgems/picoruby-mruby/lib/mruby/src/init.o
CC    mrbgems/picoruby-mruby/lib/mruby/src/kernel.c -> build/host/mrbgems/picoruby-mruby/lib/mruby/src/kernel.o
CC    mrbgems/picoruby-mruby/lib/mruby/src/load.c -> build/host/mrbgems/picoruby-mruby/lib/mruby/src/load.o
CC    mrbgems/picoruby-mruby/lib/mruby/src/mempool.c -> build/host/mrbgems/picoruby-mruby/lib/mruby/src/mempool.o
CC    mrbgems/picoruby-mruby/lib/mruby/src/numeric.c -> build/host/mrbgems/picoruby-mruby/lib/mruby/src/numeric.o
CC    mrbgems/picoruby-mruby/lib/mruby/src/numops.c -> build/host/mrbgems/picoruby-mruby/lib/mruby/src/numops.o
CC    mrbgems/picoruby-mruby/lib/mruby/src/object.c -> build/host/mrbgems/picoruby-mruby/lib/mruby/src/object.o
CC    mrbgems/picoruby-mruby/lib/mruby/src/print.c -> build/host/mrbgems/picoruby-mruby/lib/mruby/src/print.o
CC    mrbgems/picoruby-mruby/lib/mruby/src/proc.c -> build/host/mrbgems/picoruby-mruby/lib/mruby/src/proc.o
CC    mrbgems/picoruby-mruby/lib/mruby/src/range.c -> build/host/mrbgems/picoruby-mruby/lib/mruby/src/range.o
CC    mrbgems/picoruby-mruby/lib/mruby/src/readfloat.c -> build/host/mrbgems/picoruby-mruby/lib/mruby/src/readfloat.o
CC    mrbgems/picoruby-mruby/lib/mruby/src/readint.c -> build/host/mrbgems/picoruby-mruby/lib/mruby/src/readint.o
CC    mrbgems/picoruby-mruby/lib/mruby/src/readnum.c -> build/host/mrbgems/picoruby-mruby/lib/mruby/src/readnum.o
CC    mrbgems/picoruby-mruby/lib/mruby/src/state.c -> build/host/mrbgems/picoruby-mruby/lib/mruby/src/state.o
CC    mrbgems/picoruby-mruby/lib/mruby/src/string.c -> build/host/mrbgems/picoruby-mruby/lib/mruby/src/string.o
CC    mrbgems/picoruby-mruby/lib/mruby/src/symbol.c -> build/host/mrbgems/picoruby-mruby/lib/mruby/src/symbol.o
CC    mrbgems/picoruby-mruby/lib/mruby/src/variable.c -> build/host/mrbgems/picoruby-mruby/lib/mruby/src/variable.o
CC    mrbgems/picoruby-mruby/lib/mruby/src/version.c -> build/host/mrbgems/picoruby-mruby/lib/mruby/src/version.o
CC    mrbgems/picoruby-mruby/lib/mruby/src/vm.c -> build/host/mrbgems/picoruby-mruby/lib/mruby/src/vm.o
CC    mrbgems/picoruby-mruby/src/alloc.c -> build/host/mrbgems/picoruby-mruby/src/alloc.o
/project/components/picoruby-esp32/picoruby/mrbgems/picoruby-mruby/src/alloc.c:15:18: warning: ‘g_est’ defined but not used [-Wunused-variable]
   15 | static ESTALLOC *g_est = NULL;
      |                  ^~~~~
CC    mrbgems/picoruby-mruby/src/custom_ro_data.c -> build/host/mrbgems/picoruby-mruby/src/custom_ro_data.o
CC    mrbgems/picoruby-mruby/src/mrc_utils.c -> build/host/mrbgems/picoruby-mruby/src/mrc_utils.o
CC    mrbgems/picoruby-mruby/src/task.c -> build/host/mrbgems/picoruby-mruby/src/task.o
CC    build/host/mrbgems/picoruby-mruby/gem_init.c -> build/host/mrbgems/picoruby-mruby/gem_init.o
CC    mrbgems/picoruby-fmrb-io/src/picoruby_fmrb_io.c -> build/host/mrbgems/picoruby-fmrb-io/src/picoruby_fmrb_io.o
CC    build/host/mrbgems/picoruby-fmrb-io/gem_init.c -> build/host/mrbgems/picoruby-fmrb-io/gem_init.o
CC    mrbgems/picoruby-fmrb-filesystem/src/picoruby_fmrb_filesystem.c -> build/host/mrbgems/picoruby-fmrb-filesystem/src/picoruby_fmrb_filesystem.o
CC    build/host/mrbgems/picoruby-fmrb-filesystem/gem_init.c -> build/host/mrbgems/picoruby-fmrb-filesystem/gem_init.o
CC    mrbgems/picoruby-machine/src/machine.c -> build/host/mrbgems/picoruby-machine/src/machine.o
CC    build/host/mrbgems/picoruby-machine/gem_init.c -> build/host/mrbgems/picoruby-machine/gem_init.o
CC    build/host/mrbgems/picogem_init.c -> build/host/mrbgems/picogem_init.o
CC    mrbgems/picoruby-require/src/require.c -> build/host/mrbgems/picoruby-require/src/require.o
CC    build/host/mrbgems/picoruby-require/gem_init.c -> build/host/mrbgems/picoruby-require/gem_init.o
CC    mrbgems/picoruby-sandbox/src/sandbox.c -> build/host/mrbgems/picoruby-sandbox/src/sandbox.o
CC    build/host/mrbgems/picoruby-sandbox/gem_init.c -> build/host/mrbgems/picoruby-sandbox/gem_init.o
CC    mrbgems/picoruby-env/ports/posix/env.c -> build/host/mrbgems/picoruby-env/ports/posix/env.o
CC    mrbgems/picoruby-env/src/env.c -> build/host/mrbgems/picoruby-env/src/env.o
CC    build/host/mrbgems/picoruby-env/gem_init.c -> build/host/mrbgems/picoruby-env/gem_init.o
CC    mrbgems/picoruby-crc/src/crc.c -> build/host/mrbgems/picoruby-crc/src/crc.o
CC    build/host/mrbgems/picoruby-crc/gem_init.c -> build/host/mrbgems/picoruby-crc/gem_init.o
CC    mrbgems/picoruby-rng/ports/posix/rng.c -> build/host/mrbgems/picoruby-rng/ports/posix/rng.o
CC    mrbgems/picoruby-rng/src/rng.c -> build/host/mrbgems/picoruby-rng/src/rng.o
CC    build/host/mrbgems/picoruby-rng/gem_init.c -> build/host/mrbgems/picoruby-rng/gem_init.o
CC    mrbgems/picoruby-eval/src/eval.c -> build/host/mrbgems/picoruby-eval/src/eval.o
CC    build/host/mrbgems/picoruby-eval/gem_init.c -> build/host/mrbgems/picoruby-eval/gem_init.o
CC    build/host/mrbgems/picoruby-yaml/gem_init.c -> build/host/mrbgems/picoruby-yaml/gem_init.o
CC    mrbgems/picoruby-mruby/lib/mruby/mrbgems/mruby-kernel-ext/src/kernel.c -> build/host/mrbgems/mruby-kernel-ext/src/kernel.o
CC    build/host/mrbgems/mruby-kernel-ext/gem_init.c -> build/host/mrbgems/mruby-kernel-ext/gem_init.o
CC    mrbgems/picoruby-mruby/lib/mruby/mrbgems/mruby-string-ext/src/string.c -> build/host/mrbgems/mruby-string-ext/src/string.o
CC    build/host/mrbgems/mruby-string-ext/gem_init.c -> build/host/mrbgems/mruby-string-ext/gem_init.o
CC    mrbgems/picoruby-mruby/lib/mruby/mrbgems/mruby-array-ext/src/array.c -> build/host/mrbgems/mruby-array-ext/src/array.o
CC    build/host/mrbgems/mruby-array-ext/gem_init.c -> build/host/mrbgems/mruby-array-ext/gem_init.o
CC    mrbgems/picoruby-mruby/lib/mruby/mrbgems/mruby-time/src/time.c -> build/host/mrbgems/mruby-time/src/time.o
CC    build/host/mrbgems/mruby-time/gem_init.c -> build/host/mrbgems/mruby-time/gem_init.o
CC    mrbgems/picoruby-mruby/lib/mruby/mrbgems/mruby-objectspace/src/mruby_objectspace.c -> build/host/mrbgems/mruby-objectspace/src/mruby_objectspace.o
CC    build/host/mrbgems/mruby-objectspace/gem_init.c -> build/host/mrbgems/mruby-objectspace/gem_init.o
CC    mrbgems/picoruby-mruby/lib/mruby/mrbgems/mruby-metaprog/src/metaprog.c -> build/host/mrbgems/mruby-metaprog/src/metaprog.o
CC    build/host/mrbgems/mruby-metaprog/gem_init.c -> build/host/mrbgems/mruby-metaprog/gem_init.o
CC    mrbgems/picoruby-mruby/lib/mruby/mrbgems/mruby-error/src/exception.c -> build/host/mrbgems/mruby-error/src/exception.o
CC    build/host/mrbgems/mruby-error/gem_init.c -> build/host/mrbgems/mruby-error/gem_init.o
CC    mrbgems/picoruby-mruby/lib/mruby/mrbgems/mruby-sprintf/src/sprintf.c -> build/host/mrbgems/mruby-sprintf/src/sprintf.o
CC    build/host/mrbgems/mruby-sprintf/gem_init.c -> build/host/mrbgems/mruby-sprintf/gem_init.o
CC    mrbgems/picoruby-mruby/lib/mruby/mrbgems/mruby-math/src/math.c -> build/host/mrbgems/mruby-math/src/math.o
CC    build/host/mrbgems/mruby-math/gem_init.c -> build/host/mrbgems/mruby-math/gem_init.o
CC    mrbgems/picoruby-fmrb-const/src/picoruby_fmrb_const.c -> build/host/mrbgems/picoruby-fmrb-const/src/picoruby_fmrb_const.o
CC    build/host/mrbgems/picoruby-fmrb-const/gem_init.c -> build/host/mrbgems/picoruby-fmrb-const/gem_init.o
CC    mrbgems/picoruby-fmrb-log/src/picoruby_fmrb_log.c -> build/host/mrbgems/picoruby-fmrb-log/src/picoruby_fmrb_log.o
CC    build/host/mrbgems/picoruby-fmrb-log/gem_init.c -> build/host/mrbgems/picoruby-fmrb-log/gem_init.o
CC    mrbgems/picoruby-fmrb-msgpack/src/picoruby_fmrb_msgpack.c -> build/host/mrbgems/picoruby-fmrb-msgpack/src/picoruby_fmrb_msgpack.o
CC    build/host/mrbgems/picoruby-fmrb-msgpack/gem_init.c -> build/host/mrbgems/picoruby-fmrb-msgpack/gem_init.o
CC    mrbgems/picoruby-fmrb-kernel/src/picoruby_fmrb_kernel.c -> build/host/mrbgems/picoruby-fmrb-kernel/src/picoruby_fmrb_kernel.o
CC    build/host/mrbgems/picoruby-fmrb-kernel/gem_init.c -> build/host/mrbgems/picoruby-fmrb-kernel/gem_init.o
CC    mrbgems/picoruby-fmrb-app/src/picoruby_fmrb_app.c -> build/host/mrbgems/picoruby-fmrb-app/src/picoruby_fmrb_app.o
CC    build/host/mrbgems/picoruby-fmrb-app/gem_init.c -> build/host/mrbgems/picoruby-fmrb-app/gem_init.o
CC    mrbgems/picoruby-mruby/lib/mruby/mrbgems/mruby-dir/src/dir.c -> build/host/mrbgems/mruby-dir/src/dir.o
CC    build/host/mrbgems/mruby-dir/gem_init.c -> build/host/mrbgems/mruby-dir/gem_init.o
CC    build/host/mrbgems/gem_init.c -> build/host/mrbgems/gem_init.o
AR    build/host/lib/libmruby.a 
ar: creating /project/components/picoruby-esp32/picoruby/build/host/lib/libmruby.a

Build summary:

================================================
      Config Name: host
 Output Directory: build/host
         Binaries: picorbc
    Included Gems:
             mruby-array-ext - Array class extension
             mruby-bin-mrbc2 - mruby compiler executable
             mruby-compiler2 - mruby compiler using a universal parser
             mruby-dir
             mruby-error - extensional error handling
             mruby-kernel-ext - extensional function-like methods
             mruby-math - standard Math module
             mruby-metaprog - Meta-programming features for mruby
             mruby-objectspace - ObjectSpace class
             mruby-sprintf - standard Kernel#sprintf method
             mruby-string-ext - String class extension
             mruby-time - standard Time class
             picoruby-crc - PicoRuby CRC library
             picoruby-env - ENV
             picoruby-eval - Kernel#eval implementation for PicoRuby
             picoruby-fmrb-app - Family mruby OS API for PicoRuby
             picoruby-fmrb-const - Family mruby shared constants module
             picoruby-fmrb-filesystem - Filesystem for Family mruby using fmrb_hal
             picoruby-fmrb-io - Standard IO for FMRuby (platform independent)
             picoruby-fmrb-kernel - Family mruby OS Kernel API for PicoRuby
             picoruby-fmrb-log - ESP-IDF style logging API for PicoRuby
             picoruby-fmrb-msgpack - MessagePack serialization for Family mruby
             picoruby-machine - Machine class
             picoruby-mruby - mruby library
             picoruby-require - PicoRuby require gem
             picoruby-rng - Random Number Generator for PicoRuby
             picoruby-sandbox - Sandbox class for shell and picoirb
             picoruby-yaml - YAML parser for PicoRuby
================================================

[5/33] Building C object esp-idf/picoruby-esp32/CMakeFiles/__idf_picoruby-esp32.dir/dummy.c.o
[6/33] Building C object esp-idf/picoruby-esp32/CMakeFiles/__idf_picoruby-esp32.dir/picoruby/mrbgems/picoruby-fmrb-io/ports/esp32/fmrb_io.c.o
[7/33] Building C object esp-idf/picoruby-esp32/CMakeFiles/__idf_picoruby-esp32.dir/picoruby/mrbgems/picoruby-fmrb-filesystem/ports/esp32/fmrb_filesystem.c.o
[8/33] Building C object esp-idf/fmrb_msg/CMakeFiles/__idf_fmrb_msg.dir/fmrb_msg.c.o
[9/33] Building C object esp-idf/picoruby-esp32/CMakeFiles/__idf_picoruby-esp32.dir/picoruby/mrbgems/picoruby-fmrb-log/ports/esp32/picoruby_fmrb_log.c.o
[10/33] Building C object esp-idf/picoruby-esp32/CMakeFiles/__idf_picoruby-esp32.dir/picoruby/mrbgems/picoruby-fmrb-app/ports/esp32/app_debug.c.o
[11/33] Building C object esp-idf/lua/CMakeFiles/__idf_lua.dir/fmrb_lua.c.o
[12/33] Building C object esp-idf/picoruby-esp32/CMakeFiles/__idf_picoruby-esp32.dir/picoruby/mrbgems/picoruby-fmrb-app/ports/esp32/gfx.c.o
[13/33] Building C object esp-idf/picoruby-esp32/CMakeFiles/__idf_picoruby-esp32.dir/picoruby/mrbgems/picoruby-fmrb-const/ports/esp32/const.c.o
[14/33] Building C object esp-idf/fmrb_toml/CMakeFiles/__idf_fmrb_toml.dir/fmrb_toml.c.o
[15/33] Building C object esp-idf/picoruby-esp32/CMakeFiles/__idf_picoruby-esp32.dir/picoruby/mrbgems/picoruby-machine/ports/posix/machine.c.o
[16/33] Building C object esp-idf/picoruby-esp32/CMakeFiles/__idf_picoruby-esp32.dir/picoruby/mrbgems/picoruby-machine/ports/posix/hal.c.o
[17/33] Building C object esp-idf/picoruby-esp32/CMakeFiles/__idf_picoruby-esp32.dir/picoruby/mrbgems/picoruby-fmrb-kernel/ports/esp32/kernel.c.o
[18/33] Building C object esp-idf/picoruby-esp32/CMakeFiles/__idf_picoruby-esp32.dir/picoruby/mrbgems/picoruby-fmrb-msgpack/ports/esp32/msgpack.c.o
[19/33] Building C object esp-idf/lua/CMakeFiles/__idf_lua.dir/extension/fmrb_lua_gfx.c.o
[20/33] Building C object esp-idf/picoruby-esp32/CMakeFiles/__idf_picoruby-esp32.dir/picoruby/mrbgems/picoruby-fmrb-app/ports/esp32/app.c.o
/project/components/picoruby-esp32/picoruby/mrbgems/picoruby-fmrb-app/ports/esp32/app.c:39:13: warning: ‘check_mrb_ci_valid’ defined but not used [-Wunused-function]
   39 | static bool check_mrb_ci_valid(mrb_state *mrb, const char* location){
      |             ^~~~~~~~~~~~~~~~~~
[21/33] Building C object esp-idf/main/CMakeFiles/__idf_main.dir/boot.c.o
[22/33] Building C object esp-idf/main/CMakeFiles/__idf_main.dir/drivers/fs_proxy/fs_proxy_task.c.o
[23/33] Building C object esp-idf/main/CMakeFiles/__idf_main.dir/kernel/host/host_task.c.o
[24/33] Building C object esp-idf/main/CMakeFiles/__idf_main.dir/drivers/usb/usb_task_linux.c.o
[25/33] Building C object esp-idf/main/CMakeFiles/__idf_main.dir/app/fmrb_app_spawner.c.o
[26/33] Building C object esp-idf/main/CMakeFiles/__idf_main.dir/kernel/fmrb_kernel.c.o
[27/33] Building C object esp-idf/main/CMakeFiles/__idf_main.dir/app/fmrb_app.c.o
/project/main/app/fmrb_app.c: In function ‘app_task_main’:
/project/main/app/fmrb_app.c:491:23: warning: unused variable ‘v’ [-Wunused-variable]
  491 |             mrb_value v = mrb_tasks_run(ctx->mrb);
      |                       ^
[28/33] Linking C static library esp-idf/main/libmain.a
[29/33] Linking C static library esp-idf/lua/liblua.a
[30/33] Linking C static library esp-idf/fmrb_toml/libfmrb_toml.a
[31/33] Linking C static library esp-idf/fmrb_msg/libfmrb_msg.a
[32/33] Linking C static library esp-idf/picoruby-esp32/libpicoruby-esp32.a
[33/33] Linking CXX executable fmruby-core.elf
/usr/bin/ld: esp-idf/lua/liblua.a(loslib.c.o): in function `os_tmpname':
/project/components/lua/lua/loslib.c:174:(.text.os_tmpname+0x24): warning: the use of `tmpnam' is dangerous, better use `mkstemp'
/usr/bin/ld: esp-idf/lua/liblua.a(loslib.c.o): note: the message above does not take linker garbage collection into account
Done
Linux build complete. Run with: ./build/fmruby-core.elf
